[Tue Apr 22 23:50:50 UTC 2025] Updating packages...
Reading package lists...
Building dependency tree...
Reading state information...
Calculating upgrade...
0 upgraded, 0 newly installed, 0 to remove and 0 not upgraded.
[Tue Apr 22 23:50:53 UTC 2025] Pulling latest code...
From https://github.com/nassah20/hassan-api
 * branch            main       -> FETCH_HEAD
   f9e94f4..ff2fa30  main       -> origin/main
Updating f9e94f4..ff2fa30
Fast-forward
 app.py | 170 ++++++++++++++++++++++++++++++++---------------------------------
 1 file changed, 83 insertions(+), 87 deletions(-)
Restarting web server...
Update complete.
[Tue Apr 22 23:54:08 UTC 2025] Updating packages...
Reading package lists...
Building dependency tree...
Reading state information...
Calculating upgrade...
0 upgraded, 0 newly installed, 0 to remove and 0 not upgraded.
[Tue Apr 22 23:54:11 UTC 2025] Pulling latest code...
From https://github.com/nassah20/hassan-api
 * branch            main       -> FETCH_HEAD
Already up to date.
Restarting web server...
No web server to restart.
Update complete.
